This file contains any messages produced by compilers while
running configure, to aid debugging if configure makes a mistake.

It was created by configure, which was
generated by GNU Autoconf 2.69.  Invocation command line was

  $ ./configure --disable-timers

## --------- ##
## Platform. ##
## --------- ##

hostname = quartz1538
uname -m = x86_64
uname -r = 3.10.0-957.12.2.1chaos.ch6.x86_64
uname -s = Linux
uname -v = #1 SMP Tue May 14 18:38:00 PDT 2019

/usr/bin/uname -p = x86_64
/bin/uname -X     = unknown

/bin/arch              = x86_64
/usr/bin/arch -k       = unknown
/usr/convex/getsysinfo = unknown
/usr/bin/hostinfo      = unknown
/bin/machine           = unknown
/usr/bin/oslevel       = unknown
/bin/universe          = unknown

PATH: /g/g17/wood67/src/spack/opt/spack/linux-rhel7-x86_64/gcc-4.9.3/htop-2.2.0-irygxe2kw3iaqir5ktuvzwzpfuhyv2ml/bin
PATH: /g/g17/wood67/src/spack/opt/spack/linux-rhel7-x86_64/gcc-4.9.3/gtkorvo-dill-2.4-n44c2fod2h4gdfg7xdb5yhvldoqmnm2h/bin
PATH: /g/g17/wood67/src/spack/opt/spack/linux-rhel7-x86_64/gcc-4.9.3/gtkorvo-atl-2.2-sqsi7lqmh6rzj6xtxyk7izjhbbubf4vp/bin
PATH: /g/g17/wood67/src/spack/opt/spack/linux-rhel7-x86_64/gcc-4.9.3/libffs-1.5-6byc6slqd2k5xj7jw4sncuorndma2ux5/bin
PATH: /g/g17/wood67/src/spack/opt/spack/linux-rhel7-x86_64/gcc-4.9.3/libevpath-4.4.0-6eeomgq4j4hbkpe3pqncubqzmb7f5gya/bin
PATH: /g/g17/wood67/src/spack/opt/spack/linux-rhel7-x86_64/gcc-4.9.3/libnl-3.3.0-2cscqv3lmbamifzj72jm44j2mvb5j5ll/bin
PATH: /g/g17/wood67/src/spack/opt/spack/linux-rhel7-x86_64/gcc-4.9.3/cmake-3.14.2-e2vmvqwgjtcnpj6l5vlr3wmenrqhkqle/bin
PATH: /g/g17/wood67/src/spack/opt/spack/linux-rhel7-x86_64/gcc-4.9.3/vim-8.1.0338-pjhg2a5zh7n6wduugfa7i34pycga5jgk/bin
PATH: /g/g17/wood67/src/spack/opt/spack/linux-rhel7-x86_64/gcc-4.9.3/py-numpy-1.16.2-ckmegipscgcqnq2nrap3oxjzhxaoiqgd/bin
PATH: /g/g17/wood67/src/spack/opt/spack/linux-rhel7-x86_64/gcc-4.9.3/python-2.7.16-zsgpqf3kebcmbbrfxbtr2g5cf4pz2ymv/bin
PATH: /g/g17/wood67/src/spack/bin
PATH: /usr/tce/packages/mvapich2/mvapich2-2.3-gcc-4.9.3/bin
PATH: /usr/tce/packages/gcc/gcc-4.9.3/bin
PATH: /usr/tce/packages/texlive/texlive-2016/2016/bin/x86_64-linux
PATH: /usr/tce/bin
PATH: /usr/lib64/qt-3.3/bin
PATH: /usr/local/bin
PATH: /usr/bin
PATH: /usr/local/sbin
PATH: /usr/sbin


## ----------- ##
## Core tests. ##
## ----------- ##

configure:2692: CONFIG_SHELL is unset
configure:2732: checking build system type
configure:2746: result: x86_64-unknown-linux-gnu
configure:2766: checking host system type
configure:2779: result: x86_64-unknown-linux-gnu
configure:2799: checking target system type
configure:2812: result: x86_64-unknown-linux-gnu
configure:2849: target_cpu is 'x86_64'
configure:2849: target_vendor is 'unknown'
configure:2849: target_os is 'linux-gnu'
configure:3130: LD_LIBRARY_PATH is '/g/g17/wood67/src/spack/opt/spack/linux-rhel7-x86_64/gcc-4.9.3/gtkorvo-dill-2.4-n44c2fod2h4gdfg7xdb5yhvldoqmnm2h/lib:/g/g17/wood67/src/spack/opt/spack/linux-rhel7-x86_64/gcc-4.9.3/gtkorvo-atl-2.2-sqsi7lqmh6rzj6xtxyk7izjhbbubf4vp/lib:/g/g17/wood67/src/spack/opt/spack/linux-rhel7-x86_64/gcc-4.9.3/libffs-1.5-6byc6slqd2k5xj7jw4sncuorndma2ux5/lib:/g/g17/wood67/src/spack/opt/spack/linux-rhel7-x86_64/gcc-4.9.3/libevpath-4.4.0-6eeomgq4j4hbkpe3pqncubqzmb7f5gya/lib:/g/g17/wood67/src/spack/opt/spack/linux-rhel7-x86_64/gcc-4.9.3/libnl-3.3.0-2cscqv3lmbamifzj72jm44j2mvb5j5ll/lib:/g/g17/wood67/src/spack/opt/spack/linux-rhel7-x86_64/gcc-4.9.3/py-cffi-1.12.2-g7wwzrumfa54u6pphneeclelhotke3ga/lib:/g/g17/wood67/src/spack/opt/spack/linux-rhel7-x86_64/gcc-4.9.3/py-numpy-1.16.2-ckmegipscgcqnq2nrap3oxjzhxaoiqgd/lib:/g/g17/wood67/src/spack/opt/spack/linux-rhel7-x86_64/gcc-4.9.3/py-pandas-0.24.1-o2sxqnh3xwbc6n77h7tszg46q6ouhftj/lib:/g/g17/wood67/src/spack/opt/spack/linux-rhel7-x86_64/gcc-4.9.3/py-scikit-learn-0.20.2-34kpy2ueayabksqehbcaeks3muij2xij/lib:/g/g17/wood67/src/spack/opt/spack/linux-rhel7-x86_64/gcc-4.9.3/py-scipy-1.2.1-7qvyjedp4mphsyfjqmemgdeqfv5ls4vz/lib:/g/g17/wood67/src/spack/opt/spack/linux-rhel7-x86_64/gcc-4.9.3/python-2.7.16-zsgpqf3kebcmbbrfxbtr2g5cf4pz2ymv/lib:/usr/tce/packages/mvapich2/mvapich2-2.3-gcc-4.9.3/lib'
configure:3137: checking the architecture
configure:3168: result: LINUX
configure:3189: ARCH is 'LINUX'
configure:3215: before running compiler search: with_CXX is unset
configure:3215: before running compiler search: CXX is '/usr/tce/packages/gcc/gcc-4.9.3/bin/g++'
configure:3215: before running compiler search: CCC is 'g++'
configure:3331: checking for C++ compiler version
configure:3340: /usr/tce/packages/gcc/gcc-4.9.3/bin/g++ --version >&5
g++ (GCC) 4.9.3
Copyright (C) 2015 Free Software Foundation, Inc.
This is free software; see the source for copying conditions.  There is NO
warranty; not even for MERCHANTABILITY or FITNESS FOR A PARTICULAR PURPOSE.

configure:3351: $? = 0
configure:3340: /usr/tce/packages/gcc/gcc-4.9.3/bin/g++ -v >&5
Reading specs from /usr/tce/packages/gcc/gcc-4.9.3/lib64/gcc/x86_64-unknown-linux-gnu/4.9.3/specs
COLLECT_GCC=/usr/tce/packages/gcc/gcc-4.9.3/bin/g++
COLLECT_LTO_WRAPPER=/usr/tce/packages/gcc/gcc-4.9.3/libexec/gcc/x86_64-unknown-linux-gnu/4.9.3/lto-wrapper
Target: x86_64-unknown-linux-gnu
Configured with: /builddir/build/BUILD/gccspack/spack/var/spack/stage/gcc-4.9.3-34vmmvov5ct2riknhkfcmxieffb5pyex/gcc-4.9.3/configure --prefix=/usr/tce/packages/gcc/gcc-4.9.3 --libdir=/usr/tce/packages/gcc/gcc-4.9.3/lib64 --disable-multilib --enable-languages=c,java,c++,fortran,objc,go --with-mpc=/builddir/build/BUILD/gccspack/spack/opt/spack/linux-redhat7-x86_64/gcc-4.8.5/mpc-1.0.3-hj3ado6aurkkeiulr7fabqov7dh5nomf --with-mpfr=/builddir/build/BUILD/gccspack/spack/opt/spack/linux-redhat7-x86_64/gcc-4.8.5/mpfr-3.1.4-btpsymgkcfsazkot7mksiiaiqi56q3iz --with-gmp=/builddir/build/BUILD/gccspack/spack/opt/spack/linux-redhat7-x86_64/gcc-4.8.5/gmp-6.1.0-rdkrxbnzwlletmtlntg4vbxhc24zspva --enable-lto --with-quad
Thread model: posix
gcc version 4.9.3 (GCC) 
configure:3351: $? = 0
configure:3340: /usr/tce/packages/gcc/gcc-4.9.3/bin/g++ -V >&5
g++: error: unrecognized command line option '-V'
g++: fatal error: no input files
compilation terminated.
configure:3351: $? = 1
configure:3340: /usr/tce/packages/gcc/gcc-4.9.3/bin/g++ -qversion >&5
g++: error: unrecognized command line option '-qversion'
g++: fatal error: no input files
compilation terminated.
configure:3351: $? = 1
configure:3371: checking whether the C++ compiler works
configure:3393: /usr/tce/packages/gcc/gcc-4.9.3/bin/g++    conftest.cpp  -lm >&5
configure:3397: $? = 0
configure:3445: result: yes
configure:3448: checking for C++ compiler default output file name
configure:3450: result: a.out
configure:3456: checking for suffix of executables
configure:3463: /usr/tce/packages/gcc/gcc-4.9.3/bin/g++ -o conftest    conftest.cpp  -lm >&5
configure:3467: $? = 0
configure:3489: result: 
configure:3511: checking whether we are cross compiling
configure:3519: /usr/tce/packages/gcc/gcc-4.9.3/bin/g++ -o conftest    conftest.cpp  -lm >&5
configure:3523: $? = 0
configure:3530: ./conftest
configure:3534: $? = 0
configure:3549: result: no
configure:3554: checking for suffix of object files
configure:3576: /usr/tce/packages/gcc/gcc-4.9.3/bin/g++ -c   conftest.cpp >&5
configure:3580: $? = 0
configure:3601: result: o
configure:3605: checking whether we are using the GNU C++ compiler
configure:3624: /usr/tce/packages/gcc/gcc-4.9.3/bin/g++ -c   conftest.cpp >&5
configure:3624: $? = 0
configure:3633: result: yes
configure:3642: checking whether /usr/tce/packages/gcc/gcc-4.9.3/bin/g++ accepts -g
configure:3662: /usr/tce/packages/gcc/gcc-4.9.3/bin/g++ -c -g  conftest.cpp >&5
configure:3662: $? = 0
configure:3703: result: yes
configure:3736: after running compiler search: with_CXX is unset
configure:3736: after running compiler search: CXX is '/usr/tce/packages/gcc/gcc-4.9.3/bin/g++'
configure:3736: after running compiler search: CCC is 'g++'
configure:3793: checking for gcc
configure:3809: found /usr/tce/packages/gcc/gcc-4.9.3/bin/gcc
configure:3820: result: gcc
configure:4049: checking for C compiler version
configure:4058: gcc --version >&5
gcc (GCC) 4.9.3
Copyright (C) 2015 Free Software Foundation, Inc.
This is free software; see the source for copying conditions.  There is NO
warranty; not even for MERCHANTABILITY or FITNESS FOR A PARTICULAR PURPOSE.

configure:4069: $? = 0
configure:4058: gcc -v >&5
Reading specs from /usr/tce/packages/gcc/gcc-4.9.3/lib64/gcc/x86_64-unknown-linux-gnu/4.9.3/specs
COLLECT_GCC=gcc
COLLECT_LTO_WRAPPER=/usr/tce/packages/gcc/gcc-4.9.3/libexec/gcc/x86_64-unknown-linux-gnu/4.9.3/lto-wrapper
Target: x86_64-unknown-linux-gnu
Configured with: /builddir/build/BUILD/gccspack/spack/var/spack/stage/gcc-4.9.3-34vmmvov5ct2riknhkfcmxieffb5pyex/gcc-4.9.3/configure --prefix=/usr/tce/packages/gcc/gcc-4.9.3 --libdir=/usr/tce/packages/gcc/gcc-4.9.3/lib64 --disable-multilib --enable-languages=c,java,c++,fortran,objc,go --with-mpc=/builddir/build/BUILD/gccspack/spack/opt/spack/linux-redhat7-x86_64/gcc-4.8.5/mpc-1.0.3-hj3ado6aurkkeiulr7fabqov7dh5nomf --with-mpfr=/builddir/build/BUILD/gccspack/spack/opt/spack/linux-redhat7-x86_64/gcc-4.8.5/mpfr-3.1.4-btpsymgkcfsazkot7mksiiaiqi56q3iz --with-gmp=/builddir/build/BUILD/gccspack/spack/opt/spack/linux-redhat7-x86_64/gcc-4.8.5/gmp-6.1.0-rdkrxbnzwlletmtlntg4vbxhc24zspva --enable-lto --with-quad
Thread model: posix
gcc version 4.9.3 (GCC) 
configure:4069: $? = 0
configure:4058: gcc -V >&5
gcc: error: unrecognized command line option '-V'
gcc: fatal error: no input files
compilation terminated.
configure:4069: $? = 1
configure:4058: gcc -qversion >&5
gcc: error: unrecognized command line option '-qversion'
gcc: fatal error: no input files
compilation terminated.
configure:4069: $? = 1
configure:4073: checking whether we are using the GNU C compiler
configure:4092: gcc -c   conftest.c >&5
configure:4092: $? = 0
configure:4101: result: yes
configure:4110: checking whether gcc accepts -g
configure:4130: gcc -c -g  conftest.c >&5
configure:4130: $? = 0
configure:4171: result: yes
configure:4188: checking for gcc option to accept ISO C89
configure:4251: gcc  -c -g -O2  conftest.c >&5
configure:4251: $? = 0
configure:4264: result: none needed
configure:4287: checking for library containing strerror
configure:4318: gcc -o conftest -g -O2   conftest.c  -lm >&5
configure:4318: $? = 0
configure:4335: result: none required
configure:4430: checking for ar
configure:4446: found /usr/bin/ar
configure:4457: result: ar
configure:4477: checking for gm4
configure:4507: result: no
configure:4477: checking for m4
configure:4493: found /usr/bin/m4
configure:4504: result: m4
configure:4535: checking for a BSD-compatible install
configure:4603: result: /usr/bin/install -c
configure:4619: checking for a thread-safe mkdir -p
configure:4658: result: /usr/bin/mkdir -p
configure:4671: checking how to run the C preprocessor
configure:4702: gcc -E  conftest.c
configure:4702: $? = 0
configure:4716: gcc -E  conftest.c
conftest.c:10:28: fatal error: ac_nonexistent.h: No such file or directory
 #include <ac_nonexistent.h>
                            ^
compilation terminated.
configure:4716: $? = 1
configure: failed program was:
| /* confdefs.h */
| #define PACKAGE_NAME ""
| #define PACKAGE_TARNAME ""
| #define PACKAGE_VERSION ""
| #define PACKAGE_STRING ""
| #define PACKAGE_BUGREPORT ""
| #define PACKAGE_URL ""
| #define SAMRAI_MAXIMUM_DIMENSION 3
| /* end confdefs.h.  */
| #include <ac_nonexistent.h>
configure:4741: result: gcc -E
configure:4761: gcc -E  conftest.c
configure:4761: $? = 0
configure:4775: gcc -E  conftest.c
conftest.c:10:28: fatal error: ac_nonexistent.h: No such file or directory
 #include <ac_nonexistent.h>
                            ^
compilation terminated.
configure:4775: $? = 1
configure: failed program was:
| /* confdefs.h */
| #define PACKAGE_NAME ""
| #define PACKAGE_TARNAME ""
| #define PACKAGE_VERSION ""
| #define PACKAGE_STRING ""
| #define PACKAGE_BUGREPORT ""
| #define PACKAGE_URL ""
| #define SAMRAI_MAXIMUM_DIMENSION 3
| /* end confdefs.h.  */
| #include <ac_nonexistent.h>
configure:4804: checking for grep that handles long lines and -e
configure:4862: result: /usr/bin/grep
configure:4867: checking for egrep
configure:4929: result: /usr/bin/grep -E
configure:4945: CC is gcc
configure:4946: CPP is gcc -E
configure:4955: checking if gcc is sunpro
configure:4976: checking if gcc is intel
configure:5000: checking if gcc is gnu
configure:5134: CC_ID is 'gnu'
configure:5134: CC_VERSION is '4.9.3'
configure:5146: checking how to run the C++ preprocessor
configure:5173: /usr/tce/packages/gcc/gcc-4.9.3/bin/g++ -E  conftest.cpp
configure:5173: $? = 0
configure:5187: /usr/tce/packages/gcc/gcc-4.9.3/bin/g++ -E  conftest.cpp
conftest.cpp:10:28: fatal error: ac_nonexistent.h: No such file or directory
 #include <ac_nonexistent.h>
                            ^
compilation terminated.
configure:5187: $? = 1
configure: failed program was:
| /* confdefs.h */
| #define PACKAGE_NAME ""
| #define PACKAGE_TARNAME ""
| #define PACKAGE_VERSION ""
| #define PACKAGE_STRING ""
| #define PACKAGE_BUGREPORT ""
| #define PACKAGE_URL ""
| #define SAMRAI_MAXIMUM_DIMENSION 3
| /* end confdefs.h.  */
| #include <ac_nonexistent.h>
configure:5212: result: /usr/tce/packages/gcc/gcc-4.9.3/bin/g++ -E
configure:5232: /usr/tce/packages/gcc/gcc-4.9.3/bin/g++ -E  conftest.cpp
configure:5232: $? = 0
configure:5246: /usr/tce/packages/gcc/gcc-4.9.3/bin/g++ -E  conftest.cpp
conftest.cpp:10:28: fatal error: ac_nonexistent.h: No such file or directory
 #include <ac_nonexistent.h>
                            ^
compilation terminated.
configure:5246: $? = 1
configure: failed program was:
| /* confdefs.h */
| #define PACKAGE_NAME ""
| #define PACKAGE_TARNAME ""
| #define PACKAGE_VERSION ""
| #define PACKAGE_STRING ""
| #define PACKAGE_BUGREPORT ""
| #define PACKAGE_URL ""
| #define SAMRAI_MAXIMUM_DIMENSION 3
| /* end confdefs.h.  */
| #include <ac_nonexistent.h>
configure:5287: CXXP is /usr/tce/packages/gcc/gcc-4.9.3/bin/g++
configure:5288: CXXCPP is /usr/tce/packages/gcc/gcc-4.9.3/bin/g++ -E
configure:5297: checking if /usr/tce/packages/gcc/gcc-4.9.3/bin/g++ is sunpro
configure:5318: checking if /usr/tce/packages/gcc/gcc-4.9.3/bin/g++ is intel
configure:5342: checking if /usr/tce/packages/gcc/gcc-4.9.3/bin/g++ is gnu
configure:5467: CXX_ID is 'gnu'
configure:5467: CXX_VERSION is '4.9.3'
configure:5498: checking whether /usr/tce/packages/gcc/gcc-4.9.3/bin/g++ supports namespace
configure:5530: /usr/tce/packages/gcc/gcc-4.9.3/bin/g++ -o conftest -g -O2   conftest.cpp  -lm >&5
configure:5530: $? = 0
configure:5546: result: yes
configure:5561: checking whether /usr/tce/packages/gcc/gcc-4.9.3/bin/g++ supports template-based complex numbers
configure:5591: /usr/tce/packages/gcc/gcc-4.9.3/bin/g++ -c -g -O2  conftest.cpp >&5
conftest.cpp: In function 'void foo()':
conftest.cpp:14:11: error: expected unqualified-id before '<' token
    complex<double> a(0.0, 1.0);
           ^
configure:5591: $? = 1
configure: failed program was:
| /* confdefs.h */
| #define PACKAGE_NAME ""
| #define PACKAGE_TARNAME ""
| #define PACKAGE_VERSION ""
| #define PACKAGE_STRING ""
| #define PACKAGE_BUGREPORT ""
| #define PACKAGE_URL ""
| #define SAMRAI_MAXIMUM_DIMENSION 3
| #define HAVE_NAMESPACE 1
| /* end confdefs.h.  */
| 
| #include <complex.h>
| void foo() {
|    complex<double> a(0.0, 1.0);
| }
| 
| int
| main ()
| {
| /* empty */
|   ;
|   return 0;
| }
configure:5607: result: no
configure:5615: checking whether /usr/tce/packages/gcc/gcc-4.9.3/bin/g++ supports ISO template-based complex numbers
configure:5644: /usr/tce/packages/gcc/gcc-4.9.3/bin/g++ -c -g -O2  conftest.cpp >&5
configure:5644: $? = 0
configure:5660: result: yes
configure:5676: checking whether /usr/tce/packages/gcc/gcc-4.9.3/bin/g++ supports sstream.h and class ostringstream
configure:5712: /usr/tce/packages/gcc/gcc-4.9.3/bin/g++ -c -g -O2  conftest.cpp >&5
conftest.cpp:13:21: fatal error: sstream.h: No such file or directory
 #include <sstream.h>
                     ^
compilation terminated.
configure:5712: $? = 1
configure: failed program was:
| /* confdefs.h */
| #define PACKAGE_NAME ""
| #define PACKAGE_TARNAME ""
| #define PACKAGE_VERSION ""
| #define PACKAGE_STRING ""
| #define PACKAGE_BUGREPORT ""
| #define PACKAGE_URL ""
| #define SAMRAI_MAXIMUM_DIMENSION 3
| #define HAVE_NAMESPACE 1
| #define HAVE_TEMPLATE_COMPLEX 1
| /* end confdefs.h.  */
| 
| #include <sstream.h>
| void foo() {
| //   char buffer[100];
| //   std::ostringstream os(buffer, 100);
| //   os << "hello, world...";
|    std::ostringstream out;
|    double f = 5.0;
|    int    g = 1;
|    out << "(" << f << "<some string>" << g << ")";
| }
| 
| int
| main ()
| {
| /* empty */
|   ;
|   return 0;
| }
configure:5728: result: no
configure:5736: checking whether /usr/tce/packages/gcc/gcc-4.9.3/bin/g++ supports sstream and class ostringstream
configure:5771: /usr/tce/packages/gcc/gcc-4.9.3/bin/g++ -c -g -O2  conftest.cpp >&5
configure:5771: $? = 0
configure:5787: result: yes
configure:5809: checking whether /usr/tce/packages/gcc/gcc-4.9.3/bin/g++ defines the iomanip left operator
configure:5843: /usr/tce/packages/gcc/gcc-4.9.3/bin/g++ -o conftest -g -O2   conftest.cpp  -lm >&5
configure:5843: $? = 0
configure:5859: result: yes
configure:5874: checking whether /usr/tce/packages/gcc/gcc-4.9.3/bin/g++ defines the new placement operator
configure:5905: /usr/tce/packages/gcc/gcc-4.9.3/bin/g++ -o conftest -g -O2   conftest.cpp  -lm >&5
configure:5905: $? = 0
configure:5922: result: yes
configure:5937: checking whether /usr/tce/packages/gcc/gcc-4.9.3/bin/g++ supports member function specialization
configure:5965: /usr/tce/packages/gcc/gcc-4.9.3/bin/g++ -c -g -O2  conftest.cpp >&5
configure:5965: $? = 0
configure:5987: result: yes
configure:6002: checking whether /usr/tce/packages/gcc/gcc-4.9.3/bin/g++ supports static data instantiation
configure:6029: /usr/tce/packages/gcc/gcc-4.9.3/bin/g++ -c -g -O2  conftest.cpp >&5
configure:6029: $? = 0
configure:6044: result: yes
configure:6062: checking whether /usr/tce/packages/gcc/gcc-4.9.3/bin/g++ supports exception handling
configure:6098: /usr/tce/packages/gcc/gcc-4.9.3/bin/g++ -c -g -O2  conftest.cpp >&5
configure:6098: $? = 0
configure:6113: result: yes
configure:6129: checking whether /usr/tce/packages/gcc/gcc-4.9.3/bin/g++ supports standard static data specialization
configure:6159: /usr/tce/packages/gcc/gcc-4.9.3/bin/g++ -c -g -O2  conftest.cpp >&5
configure:6159: $? = 0
configure:6174: result: yes
configure:6250: checking whether /usr/tce/packages/gcc/gcc-4.9.3/bin/g++ supports cmath
configure:6280: /usr/tce/packages/gcc/gcc-4.9.3/bin/g++ -c -g -O2  conftest.cpp >&5
configure:6280: $? = 0
configure:6296: result: yes
configure:6312: checking whether /usr/tce/packages/gcc/gcc-4.9.3/bin/g++ needs isnan templates
configure:6343: /usr/tce/packages/gcc/gcc-4.9.3/bin/g++ -c -g -O2  conftest.cpp >&5
conftest.cpp:25:25: error: '__gnu_cxx::isnan' should have been declared inside '__gnu_cxx'
 template int __gnu_cxx::isnan<float>(float);
                         ^
conftest.cpp:25:25: error: explicit instantiation of non-template 'int __gnu_cxx::isnan'
conftest.cpp:25:30: error: expected ';' before '<' token
 template int __gnu_cxx::isnan<float>(float);
                              ^
conftest.cpp:26:25: error: '__gnu_cxx::__capture_isnan' should have been declared inside '__gnu_cxx'
 template int __gnu_cxx::__capture_isnan<float>(float);
                         ^
conftest.cpp:26:25: error: explicit instantiation of non-template 'int __gnu_cxx::__capture_isnan'
conftest.cpp:26:40: error: expected ';' before '<' token
 template int __gnu_cxx::__capture_isnan<float>(float);
                                        ^
configure:6343: $? = 1
configure: failed program was:
| /* confdefs.h */
| #define PACKAGE_NAME ""
| #define PACKAGE_TARNAME ""
| #define PACKAGE_VERSION ""
| #define PACKAGE_STRING ""
| #define PACKAGE_BUGREPORT ""
| #define PACKAGE_URL ""
| #define SAMRAI_MAXIMUM_DIMENSION 3
| #define HAVE_NAMESPACE 1
| #define HAVE_TEMPLATE_COMPLEX 1
| #define HAVE_SSTREAM 1
| #define HAVE_ISO_SSTREAM 1
| #define HAVE_IOMANIP_LEFT 1
| #define HAVE_NEW_PLACEMENT_OPERATOR 1
| #define HAVE_MEMBER_FUNCTION_SPECIALIZATION 1
| #define HAVE_STATIC_DATA_INSTANTIATION 1
| #define HAVE_EXCEPTION_HANDLING 1
| #define HAVE_STANDARD_STATIC_DATA_SPECIALIZATION 1
| #define HAVE_CMATH 1
| /* end confdefs.h.  */
| 
| 
| #include <complex>
| 
| template int __gnu_cxx::isnan<float>(float);
| template int __gnu_cxx::__capture_isnan<float>(float);
| 
| int
| main ()
| {
| /* empty */
|   ;
|   return 0;
| }
configure:6358: result: no
configure:6379: checking whether std:fill_n returns void
configure:6401: /usr/tce/packages/gcc/gcc-4.9.3/bin/g++ -c -g -O2  conftest.cpp >&5
conftest.cpp:26:21: error: template-id 'fill_n<unsigned int*, int, int>' for 'void std::fill_n(unsigned int*, int, const int&)' does not match any template declaration
       template void std::fill_n<unsigned int*, int, int>(unsigned int*, int, int const&);
                     ^
configure:6401: $? = 1
configure: failed program was:
| /* confdefs.h */
| #define PACKAGE_NAME ""
| #define PACKAGE_TARNAME ""
| #define PACKAGE_VERSION ""
| #define PACKAGE_STRING ""
| #define PACKAGE_BUGREPORT ""
| #define PACKAGE_URL ""
| #define SAMRAI_MAXIMUM_DIMENSION 3
| #define HAVE_NAMESPACE 1
| #define HAVE_TEMPLATE_COMPLEX 1
| #define HAVE_SSTREAM 1
| #define HAVE_ISO_SSTREAM 1
| #define HAVE_IOMANIP_LEFT 1
| #define HAVE_NEW_PLACEMENT_OPERATOR 1
| #define HAVE_MEMBER_FUNCTION_SPECIALIZATION 1
| #define HAVE_STATIC_DATA_INSTANTIATION 1
| #define HAVE_EXCEPTION_HANDLING 1
| #define HAVE_STANDARD_STATIC_DATA_SPECIALIZATION 1
| #define HAVE_CMATH 1
| #define LACKS_ISNAN_TEMPLATE 1
| /* end confdefs.h.  */
| 
| 
|       #include <vector>
| 
|       template void std::fill_n<unsigned int*, int, int>(unsigned int*, int, int const&);
| 
| 
configure:6419: result: no
configure:6435: checking whether /usr/tce/packages/gcc/gcc-4.9.3/bin/g++ supports cmath
configure:6481: result: yes
configure:6495: checking for ANSI C header files
configure:6515: gcc -c -g -O2  conftest.c >&5
configure:6515: $? = 0
configure:6588: gcc -o conftest -g -O2   conftest.c  -lm >&5
configure:6588: $? = 0
configure:6588: ./conftest
configure:6588: $? = 0
configure:6599: result: yes
configure:6612: checking for sys/types.h
configure:6612: gcc -c -g -O2  conftest.c >&5
configure:6612: $? = 0
configure:6612: result: yes
configure:6612: checking for sys/stat.h
configure:6612: gcc -c -g -O2  conftest.c >&5
configure:6612: $? = 0
configure:6612: result: yes
configure:6612: checking for stdlib.h
configure:6612: gcc -c -g -O2  conftest.c >&5
configure:6612: $? = 0
configure:6612: result: yes
configure:6612: checking for string.h
configure:6612: gcc -c -g -O2  conftest.c >&5
configure:6612: $? = 0
configure:6612: result: yes
configure:6612: checking for memory.h
configure:6612: gcc -c -g -O2  conftest.c >&5
configure:6612: $? = 0
configure:6612: result: yes
configure:6612: checking for strings.h
configure:6612: gcc -c -g -O2  conftest.c >&5
configure:6612: $? = 0
configure:6612: result: yes
configure:6612: checking for inttypes.h
configure:6612: gcc -c -g -O2  conftest.c >&5
configure:6612: $? = 0
configure:6612: result: yes
configure:6612: checking for stdint.h
configure:6612: gcc -c -g -O2  conftest.c >&5
configure:6612: $? = 0
configure:6612: result: yes
configure:6612: checking for unistd.h
configure:6612: gcc -c -g -O2  conftest.c >&5
configure:6612: $? = 0
configure:6612: result: yes
configure:6626: checking sys/times.h usability
configure:6626: gcc -c -g -O2  conftest.c >&5
configure:6626: $? = 0
configure:6626: result: yes
configure:6626: checking sys/times.h presence
configure:6626: gcc -E  conftest.c
configure:6626: $? = 0
configure:6626: result: yes
configure:6626: checking for sys/times.h
configure:6626: result: yes
configure:6638: checking for unistd.h
configure:6638: result: yes
configure:6794: checking if SAMRAI Timers are enabled
configure:6818: result: no
configure:6927: debug_switches is '-g'
configure:6927: opt_switches is ''
configure:6942: checking for f77
configure:6972: result: no
configure:6942: checking for g77
configure:6972: result: no
configure:6942: checking for xlf
configure:6972: result: no
configure:6942: checking for f2c
configure:6972: result: no
configure:7030: error: no acceptable Fortran found in /g/g17/wood67/src/spack/opt/spack/linux-rhel7-x86_64/gcc-4.9.3/htop-2.2.0-irygxe2kw3iaqir5ktuvzwzpfuhyv2ml/bin:/g/g17/wood67/src/spack/opt/spack/linux-rhel7-x86_64/gcc-4.9.3/gtkorvo-dill-2.4-n44c2fod2h4gdfg7xdb5yhvldoqmnm2h/bin:/g/g17/wood67/src/spack/opt/spack/linux-rhel7-x86_64/gcc-4.9.3/gtkorvo-atl-2.2-sqsi7lqmh6rzj6xtxyk7izjhbbubf4vp/bin:/g/g17/wood67/src/spack/opt/spack/linux-rhel7-x86_64/gcc-4.9.3/libffs-1.5-6byc6slqd2k5xj7jw4sncuorndma2ux5/bin:/g/g17/wood67/src/spack/opt/spack/linux-rhel7-x86_64/gcc-4.9.3/libevpath-4.4.0-6eeomgq4j4hbkpe3pqncubqzmb7f5gya/bin:/g/g17/wood67/src/spack/opt/spack/linux-rhel7-x86_64/gcc-4.9.3/libnl-3.3.0-2cscqv3lmbamifzj72jm44j2mvb5j5ll/bin:/g/g17/wood67/src/spack/opt/spack/linux-rhel7-x86_64/gcc-4.9.3/cmake-3.14.2-e2vmvqwgjtcnpj6l5vlr3wmenrqhkqle/bin:/g/g17/wood67/src/spack/opt/spack/linux-rhel7-x86_64/gcc-4.9.3/vim-8.1.0338-pjhg2a5zh7n6wduugfa7i34pycga5jgk/bin:/g/g17/wood67/src/spack/opt/spack/linux-rhel7-x86_64/gcc-4.9.3/py-numpy-1.16.2-ckmegipscgcqnq2nrap3oxjzhxaoiqgd/bin:/g/g17/wood67/src/spack/opt/spack/linux-rhel7-x86_64/gcc-4.9.3/python-2.7.16-zsgpqf3kebcmbbrfxbtr2g5cf4pz2ymv/bin:/g/g17/wood67/src/spack/bin:/usr/tce/packages/mvapich2/mvapich2-2.3-gcc-4.9.3/bin:/usr/tce/packages/gcc/gcc-4.9.3/bin:/usr/tce/packages/texlive/texlive-2016/2016/bin/x86_64-linux:/usr/tce/bin:/usr/lib64/qt-3.3/bin:/usr/local/bin:/usr/bin:/usr/local/sbin:/usr/sbin

## ---------------- ##
## Cache variables. ##
## ---------------- ##

ac_cv_build=x86_64-unknown-linux-gnu
ac_cv_c_compiler_gnu=yes
ac_cv_cxx_compiler_gnu=yes
ac_cv_env_CCC_set=
ac_cv_env_CCC_value=
ac_cv_env_CC_set=
ac_cv_env_CC_value=
ac_cv_env_CFLAGS_set=
ac_cv_env_CFLAGS_value=
ac_cv_env_CPPFLAGS_set=
ac_cv_env_CPPFLAGS_value=
ac_cv_env_CPP_set=
ac_cv_env_CPP_value=
ac_cv_env_CXXCPP_set=
ac_cv_env_CXXCPP_value=
ac_cv_env_CXXFLAGS_set=
ac_cv_env_CXXFLAGS_value=
ac_cv_env_CXX_set=set
ac_cv_env_CXX_value=/usr/tce/packages/gcc/gcc-4.9.3/bin/g++
ac_cv_env_F77_set=
ac_cv_env_F77_value=
ac_cv_env_FFLAGS_set=
ac_cv_env_FFLAGS_value=
ac_cv_env_LDFLAGS_set=
ac_cv_env_LDFLAGS_value=
ac_cv_env_LIBS_set=
ac_cv_env_LIBS_value=
ac_cv_env_XMKMF_set=
ac_cv_env_XMKMF_value=
ac_cv_env_build_alias_set=
ac_cv_env_build_alias_value=
ac_cv_env_host_alias_set=
ac_cv_env_host_alias_value=
ac_cv_env_target_alias_set=
ac_cv_env_target_alias_value=
ac_cv_header_inttypes_h=yes
ac_cv_header_memory_h=yes
ac_cv_header_stdc=yes
ac_cv_header_stdint_h=yes
ac_cv_header_stdlib_h=yes
ac_cv_header_string_h=yes
ac_cv_header_strings_h=yes
ac_cv_header_sys_stat_h=yes
ac_cv_header_sys_times_h=yes
ac_cv_header_sys_types_h=yes
ac_cv_header_unistd_h=yes
ac_cv_host=x86_64-unknown-linux-gnu
ac_cv_objext=o
ac_cv_path_EGREP='/usr/bin/grep -E'
ac_cv_path_GREP=/usr/bin/grep
ac_cv_path_install='/usr/bin/install -c'
ac_cv_path_mkdir=/usr/bin/mkdir
ac_cv_prog_AR=ar
ac_cv_prog_CPP='gcc -E'
ac_cv_prog_CXXCPP='/usr/tce/packages/gcc/gcc-4.9.3/bin/g++ -E'
ac_cv_prog_M4=m4
ac_cv_prog_ac_ct_CC=gcc
ac_cv_prog_cc_c89=
ac_cv_prog_cc_g=yes
ac_cv_prog_cxx_g=yes
ac_cv_search_strerror='none required'
ac_cv_target=x86_64-unknown-linux-gnu
casc_cv_cxx_have_cmath=yes
casc_cv_cxx_have_exception_handling=yes
casc_cv_cxx_have_iomanip_left=yes
casc_cv_cxx_have_isnan_template=no
casc_cv_cxx_have_member_function_specialization=yes
casc_cv_cxx_have_namespace=yes
casc_cv_cxx_have_new_placement_operator=yes
casc_cv_cxx_have_sstream=no
casc_cv_cxx_have_sstream_std=yes
casc_cv_cxx_have_standard_static_data_specialization=yes
casc_cv_cxx_have_static_data_instantiation=yes
casc_cv_cxx_have_template_complex=no
casc_cv_cxx_have_template_complex_std=yes

## ----------------- ##
## Output variables. ##
## ----------------- ##

AR='ar'
ARCH='LINUX'
CC='gcc'
CFLAGS='-g -O2'
CONFIGURED_WITH_MPI=''
CPP='gcc -E'
CPPFLAGS=''
CPPFLAGS_EXTRA=''
CXX='/usr/tce/packages/gcc/gcc-4.9.3/bin/g++'
CXXCPP='/usr/tce/packages/gcc/gcc-4.9.3/bin/g++ -E'
CXXFLAGS='-g -O2'
CXXLD_FLAGS=''
CXX_FLAGS='-g -Wall -Wextra -Wconversion '
C_FLAGS='-g '
DEFS=''
DEVELOPER_MAKEFILE='no'
DOT_PATH=''
DOXYGEN_BIN=''
ECHO_C=''
ECHO_N='-n'
ECHO_T=''
EGREP='/usr/bin/grep -E'
EXEEXT=''
F77=''
F77LIBFLAGS=''
F77_FLAGS='-g '
FFLAGS=''
FLIBS=''
GREP='/usr/bin/grep'
HAVE_DOT=''
INC_PATH=''
INSTALL_DATA='${INSTALL} -m 644'
INSTALL_PROGRAM='${INSTALL}'
INSTALL_SCRIPT='${INSTALL}'
INSTDIR=''
LDFLAGS=''
LD_FLAGS=''
LIBOBJS=''
LIBS=' -lm'
LIB_NAME='-lm'
LIB_PATH=''
LIB_SUFFIX='.a'
LTLIBOBJS=''
M4='m4'
MKDIR_P='/usr/bin/mkdir -p'
MPICC=''
MPIFLAGS=''
MPIINCLUDE=''
MPILIBDIRS=''
MPILIBS=''
OBJEXT='o'
PACKAGE_BUGREPORT=''
PACKAGE_NAME=''
PACKAGE_STRING=''
PACKAGE_TARNAME=''
PACKAGE_URL=''
PACKAGE_VERSION=''
PARALLEL_RUN_BIN=''
PATH_SEPARATOR=':'
SAMRAI_LIBRARIES='appu algs solv geom mesh math pdat xfer hier tbox'
SAMRAI_PERL=''
SAMRAI_TARGET='standard'
SHELL='/bin/sh'
SRCDIR_COMPILE_PREFIX=''
SUNDIALS_C_FILES=''
TAU_INCLUDE=''
TEST_NPROCS=''
XARGS='xargs -n 150'
XMKMF=''
X_CFLAGS=''
X_EXTRA_LIBS=''
X_LIBS=''
X_PRE_LIBS=''
ac_ct_CC='gcc'
ac_ct_CXX=''
ac_ct_F77=''
ac_pwd='/g/g17/wood67/src/cleverleaf/SAMRAI'
bindir='${exec_prefix}/bin'
btng_rpath_beginning=''
build='x86_64-unknown-linux-gnu'
build_alias=''
build_cpu='x86_64'
build_os='linux-gnu'
build_vendor='unknown'
datadir='${datarootdir}'
datarootdir='${prefix}/share'
docdir='${datarootdir}/doc/${PACKAGE}'
dox_output_dir=''
dvidir='${docdir}'
exec_prefix='NONE'
host='x86_64-unknown-linux-gnu'
host_alias=''
host_cpu='x86_64'
host_os='linux-gnu'
host_vendor='unknown'
htmldir='${docdir}'
includedir='${prefix}/include'
infodir='${datarootdir}/info'
libdir='${exec_prefix}/lib'
libexecdir='${exec_prefix}/libexec'
localedir='${datarootdir}/locale'
localstatedir='${prefix}/var'
mandir='${datarootdir}/man'
oldincludedir='/usr/include'
pdfdir='${docdir}'
prefix='NONE'
program_transform_name='s,x,x,'
psdir='${docdir}'
sbindir='${exec_prefix}/sbin'
sharedstatedir='${prefix}/com'
sysconfdir='${prefix}/etc'
target='x86_64-unknown-linux-gnu'
target_alias=''
target_cpu='x86_64'
target_os='linux-gnu'
target_vendor='unknown'
valgrind_EXE=''

## ----------- ##
## confdefs.h. ##
## ----------- ##

/* confdefs.h */
#define PACKAGE_NAME ""
#define PACKAGE_TARNAME ""
#define PACKAGE_VERSION ""
#define PACKAGE_STRING ""
#define PACKAGE_BUGREPORT ""
#define PACKAGE_URL ""
#define SAMRAI_MAXIMUM_DIMENSION 3
#define HAVE_NAMESPACE 1
#define HAVE_TEMPLATE_COMPLEX 1
#define HAVE_SSTREAM 1
#define HAVE_ISO_SSTREAM 1
#define HAVE_IOMANIP_LEFT 1
#define HAVE_NEW_PLACEMENT_OPERATOR 1
#define HAVE_MEMBER_FUNCTION_SPECIALIZATION 1
#define HAVE_STATIC_DATA_INSTANTIATION 1
#define HAVE_EXCEPTION_HANDLING 1
#define HAVE_STANDARD_STATIC_DATA_SPECIALIZATION 1
#define HAVE_CMATH 1
#define LACKS_ISNAN_TEMPLATE 1
#define HAVE_CTIME 1
#define STDC_HEADERS 1
#define HAVE_SYS_TYPES_H 1
#define HAVE_SYS_STAT_H 1
#define HAVE_STDLIB_H 1
#define HAVE_STRING_H 1
#define HAVE_MEMORY_H 1
#define HAVE_STRINGS_H 1
#define HAVE_INTTYPES_H 1
#define HAVE_STDINT_H 1
#define HAVE_UNISTD_H 1
#define HAVE_SYS_TIMES_H 1
#define HAVE_UNISTD_H 1
#define DEBUG_INITIALIZE_UNDEFINED 1
#define DEBUG_CHECK_ASSERTIONS 1
#define DEBUG_CHECK_DIM_ASSERTIONS 1

configure: exit 1
